Ansys Lumerical 2022 R1.4 FDTD Solver Version 8.27.3044 (Linux 64bit)
 expires (month/day/year): 5/2/2023
using config file: Ansys Licensing set with ANSYSLMD_LICENSE_FILE
license host: 1055@10.75.13.24
current time: Fri Oct 21 12:18:49 2022
Running on host: fotonica02-System-Product-Name
host available memory (GB): 30.784639
All processes are communicating and ready to proceed to simulation...
Running fsp file: /opt/lumerical/v221/bin/fdtd-engine-mpich2nem -t 1 -remote -shared-solve-license QU5TWVNDTF9DT05URVhUX0RBVEE9PEFOU1lTQ0xfQ09OVEVYVF9EQVRBPjxJRD4zMmQ1ZmVlZC00NjY5LTQxYTctYTcyNi00YmMwNGZhM2Q0YzA8L0lEPjxUWVBFPkFQUF9ERUZJTkVEPC9UWVBFPjxOQU1FPmx1bV9zdGFuZGFyZF9zb2x2ZV9zaGFyZTwvTkFNRT48SEFORExFUj40ODY4OUBmb3RvbmljYTAyLVN5c3RlbS1Qcm9kdWN0LU5hbWU8L0hBTkRMRVI+PC9BTlNZU0NMX0NPTlRFWFRfREFUQT4KQU5TWVNfQ09OVEVYVF9JRD0zMmQ1ZmVlZC00NjY5LTQxYTctYTcyNi00YmMwNGZhM2Q0YzAKQU5TWVNfQ09OVEVYVF9TRVJWRVI9NDg2ODlAZm90b25pY2EwMi1TeXN0ZW0tUHJvZHVjdC1OYW1lCg== /media/leonardo/datam02/Bragg_Grating/Cml/fdtd.fsp
Starting meshing
Simulation size in gridpoints: 1 x 45 x 51
Refined 0 mesh cells (0%)
Completed meshing!
Meshing complete in 0.00202 seconds of CPU time
Starting meshing
Simulation size in gridpoints: 1 x 45 x 51
Refined 0 mesh cells (0%)
Completed meshing!
Meshing complete in 0.001661 seconds of CPU time
Starting meshing
Simulation size in gridpoints: 1 x 45 x 51
Refined 0 mesh cells (0%)
Completed meshing!
Meshing complete in 0.001889 seconds of CPU time
Starting meshing
Simulation size in gridpoints: 1 x 45 x 51
Refined 0 mesh cells (0%)
Completed meshing!
Meshing complete in 0.002061 seconds of CPU time
Starting meshing
Simulation size in gridpoints: 1 x 45 x 51
Refined 0 mesh cells (0%)
Completed meshing!
Meshing complete in 0.001928 seconds of CPU time
Starting meshing
Simulation size in gridpoints: 1 x 45 x 51
Refined 0 mesh cells (0%)
Completed meshing!
Meshing complete in 0.001927 seconds of CPU time
left is a duplicate key.
bottom is a duplicate key.
z1 is a duplicate key.
z2 is a duplicate key.
Nx is a duplicate key.
Ny is a duplicate key.
Nz is a duplicate key.
number of processors is 8
processors are distributed as: 8x1x1
Running 3D Simulation
Starting meshing
Simulation size in gridpoints: 176 x 70 x 87
Refined 0 mesh cells (0%)
Completed meshing!
Meshing complete in 0.345191 seconds of CPU time
0 0
Starting meshing
Simulation size in gridpoints: 176 x 70 x 87
Refined 0 mesh cells (0%)
Completed meshing!
Meshing complete in 0.347804 seconds of CPU time
0 0
Starting meshing
Simulation size in gridpoints: 176 x 70 x 87
Refined 0 mesh cells (0%)
Completed meshing!
Meshing complete in 0.348152 seconds of CPU time
0 0
finished material properties
Meshing Time: 0.74643 seconds, Init Electrical Material Time: 0.084308 seconds, Init Magnetic Material Time: 0.002386
Using selected optimization level: 2
Selecting 3d kernel for splitFieldDirection=0 and optLevel=2
-----------------------------------------
Beginning initialization of 3D Simulation
Starting to add sources to simulation
Adding 3D Mode source propagating in X
Using frequency dependent profile
Starting to add boundary conditions to simulation
Adding 3D PML BC
Adding 3D Parallel BC
Adding 3D Anti-Symmetric BC
Adding 3D PML BC
Adding 3D PML BC
Adding 3D PML BC
Starting to add monitors to Simulation
Adding analysis monitor
Adding 3D DFT monitor
Adding 3D DFT monitor
Finished initialization of 3D Simulation
-----------------------------------------
All processes are communicating and ready to proceed to simulation...
Starting 219472 total iterations
0.0218707% complete. Max time remaining: 2 hrs, 14 mins, 5 secs. Auto Shutoff: 1
1.02792% complete. Max time remaining: 2 hrs, 11 mins, 48 secs. Auto Shutoff: 0.94292
2.03397% complete. Max time remaining: 2 hrs, 10 mins, 2 secs. Auto Shutoff: 0.84472
3.04002% complete. Max time remaining: 2 hrs, 8 mins, 35 secs. Auto Shutoff: 0.812743
4.04607% complete. Max time remaining: 2 hrs, 7 mins, 11 secs. Auto Shutoff: 0.795869
5.05212% complete. Max time remaining: 2 hrs, 5 mins, 49 secs. Auto Shutoff: 0.523698
6.05817% complete. Max time remaining: 2 hrs, 4 mins, 38 secs. Auto Shutoff: 0.0536481
7.06422% complete. Max time remaining: 2 hrs, 3 mins, 13 secs. Auto Shutoff: 0.0379522
8.07027% complete. Max time remaining: 2 hrs, 1 min, 49 secs. Auto Shutoff: 0.0222315
9.07632% complete. Max time remaining: 2 hrs, 26 secs. Auto Shutoff: 0.0252943
10.0824% complete. Max time remaining: 1 hr, 59 mins, 4 secs. Auto Shutoff: 0.0135531
11.0884% complete. Max time remaining: 1 hr, 57 mins, 42 secs. Auto Shutoff: 0.010941
12.0945% complete. Max time remaining: 1 hr, 56 mins, 20 secs. Auto Shutoff: 0.00729691
13.1005% complete. Max time remaining: 1 hr, 54 mins, 59 secs. Auto Shutoff: 0.00794434
14.1066% complete. Max time remaining: 1 hr, 53 mins, 38 secs. Auto Shutoff: 0.0071852
15.1126% complete. Max time remaining: 1 hr, 52 mins, 17 secs. Auto Shutoff: 0.00429021
16.1187% complete. Max time remaining: 1 hr, 50 mins, 57 secs. Auto Shutoff: 0.00529286
17.1247% complete. Max time remaining: 1 hr, 49 mins, 36 secs. Auto Shutoff: 0.00420745
18.1308% complete. Max time remaining: 1 hr, 48 mins, 16 secs. Auto Shutoff: 0.00251537
19.1368% complete. Max time remaining: 1 hr, 46 mins, 55 secs. Auto Shutoff: 0.00265196
20.1429% complete. Max time remaining: 1 hr, 45 mins, 35 secs. Auto Shutoff: 0.00248929
21.1489% complete. Max time remaining: 1 hr, 44 mins, 15 secs. Auto Shutoff: 0.00276459
22.155% complete. Max time remaining: 1 hr, 42 mins, 55 secs. Auto Shutoff: 0.00169818
23.161% complete. Max time remaining: 1 hr, 41 mins, 34 secs. Auto Shutoff: 0.00128089
24.1671% complete. Max time remaining: 1 hr, 40 mins, 14 secs. Auto Shutoff: 0.0010375
25.1731% complete. Max time remaining: 1 hr, 38 mins, 54 secs. Auto Shutoff: 0.000761775
26.1792% complete. Max time remaining: 1 hr, 37 mins, 34 secs. Auto Shutoff: 0.000758013
27.1852% complete. Max time remaining: 1 hr, 36 mins, 14 secs. Auto Shutoff: 0.000626736
28.1913% complete. Max time remaining: 1 hr, 34 mins, 54 secs. Auto Shutoff: 0.000790434
29.1973% complete. Max time remaining: 1 hr, 33 mins, 34 secs. Auto Shutoff: 0.000580046
30.2034% complete. Max time remaining: 1 hr, 32 mins, 14 secs. Auto Shutoff: 0.000358582
31.2094% complete. Max time remaining: 1 hr, 30 mins, 54 secs. Auto Shutoff: 0.000315295
32.2155% complete. Max time remaining: 1 hr, 29 mins, 34 secs. Auto Shutoff: 0.000270621
33.2215% complete. Max time remaining: 1 hr, 28 mins, 14 secs. Auto Shutoff: 0.00027056
34.2276% complete. Max time remaining: 1 hr, 26 mins, 54 secs. Auto Shutoff: 0.000182068
35.2336% complete. Max time remaining: 1 hr, 25 mins, 35 secs. Auto Shutoff: 0.000264785
36.2397% complete. Max time remaining: 1 hr, 24 mins, 15 secs. Auto Shutoff: 0.000216313
37.2457% complete. Max time remaining: 1 hr, 22 mins, 55 secs. Auto Shutoff: 0.000135543
38.2518% complete. Max time remaining: 1 hr, 21 mins, 35 secs. Auto Shutoff: 0.000117857
39.2578% complete. Max time remaining: 1 hr, 20 mins, 15 secs. Auto Shutoff: 0.000118017
40.2639% complete. Max time remaining: 1 hr, 18 mins, 55 secs. Auto Shutoff: 7.19491e-05
41.2699% complete. Max time remaining: 1 hr, 17 mins, 35 secs. Auto Shutoff: 9.21809e-05
42.276% complete. Max time remaining: 1 hr, 16 mins, 16 secs. Auto Shutoff: 6.40125e-05
43.282% complete. Max time remaining: 1 hr, 14 mins, 56 secs. Auto Shutoff: 5.88628e-05
44.2881% complete. Max time remaining: 1 hr, 13 mins, 36 secs. Auto Shutoff: 4.01121e-05
45.2941% complete. Max time remaining: 1 hr, 12 mins, 16 secs. Auto Shutoff: 3.82345e-05
46.3002% complete. Max time remaining: 1 hr, 10 mins, 56 secs. Auto Shutoff: 4.14806e-05
47.3062% complete. Max time remaining: 1 hr, 9 mins, 37 secs. Auto Shutoff: 2.93874e-05
48.3123% complete. Max time remaining: 1 hr, 8 mins, 17 secs. Auto Shutoff: 2.91251e-05
49.3183% complete. Max time remaining: 1 hr, 6 mins, 57 secs. Auto Shutoff: 1.79241e-05
50.3244% complete. Max time remaining: 1 hr, 5 mins, 37 secs. Auto Shutoff: 1.79158e-05
51.3304% complete. Max time remaining: 1 hr, 4 mins, 17 secs. Auto Shutoff: 1.35682e-05
52.3365% complete. Max time remaining: 1 hr, 2 mins, 58 secs. Auto Shutoff: 1.43213e-05
100% complete. Max time remaining: 0 mins, 0 secs. Auto Shutoff: 9.95482e-06
Early termination of simulation, the autoshutoff criteria are satisfied.
Completed 116937 iterations, or 5.328101e-12s of Simulation Time
Process 0 starting to collect data
    collecting monitor data
    collecting source data
Using frequency dependent profile
Finished collecting data
left is a duplicate key.
bottom is a duplicate key.
z1 is a duplicate key.
z2 is a duplicate key.
Nx is a duplicate key.
Ny is a duplicate key.
Nz is a duplicate key.
Simulation completed successfully at: Fri Oct 21 13:29:44 2022
Overall wall time measurements in seconds: 4254.92
    time to mesh and initialize: 4.46958
    time to run FDTD simulation: 4222.91
    time to checkpoint simulation: 1e-06
    time to finalize data and save to files: 26.5282
    miscellaneous time: 1.00761
    FDTD solver speed on process 0: 29.6804 Mnodes/s
    total FDTD solver speed on 8 processes: 237.443 Mnodes/s
